2025-11-16 23:20:59 INFO  Utils:112 - [TestNG] Running:
  C:\Users\2445083\eclipse-workspace\Identify_Courses\master.xml

2025-11-16 23:21:05 INFO  TC001_HomePageTest:19 - Searching for Web Development courses...
2025-11-16 23:21:12 INFO  TC001_HomePageTest:22 - Applying Beginner level filter...
2025-11-16 23:21:13 INFO  TC001_HomePageTest:25 - Applying English language filter...
2025-11-16 23:21:16 INFO  TC001_HomePageTest:35 - Course 1
2025-11-16 23:21:16 INFO  TC001_HomePageTest:36 - Name: Introduction to HTML, CSS, & JavaScript
2025-11-16 23:21:16 INFO  TC001_HomePageTest:37 - Rating: 4.4
2025-11-16 23:21:16 INFO  TC001_HomePageTest:38 - Duration: Beginner 路 Course 路 1 - 4 Weeks
2025-11-16 23:21:16 INFO  TC001_HomePageTest:35 - Course 2
2025-11-16 23:21:16 INFO  TC001_HomePageTest:36 - Name: Introduction to Front-End Development
2025-11-16 23:21:16 INFO  TC001_HomePageTest:37 - Rating: 4.8
2025-11-16 23:21:16 INFO  TC001_HomePageTest:38 - Duration: Beginner 路 Course 路 1 - 4 Weeks
2025-11-16 23:21:31 INFO  TC001_HomePageTest:62 - Levels count: 4
2025-11-16 23:21:32 INFO  TC001_HomePageTest:64 - Level: Beginner
(4,939)
2025-11-16 23:21:32 INFO  TC001_HomePageTest:64 - Level: Intermediate
(3,164)
2025-11-16 23:21:32 INFO  TC001_HomePageTest:64 - Level: Advanced
(333)
2025-11-16 23:21:32 INFO  TC001_HomePageTest:64 - Level: Mixed
(851)
2025-11-16 23:21:32 INFO  TC001_HomePageTest:71 - Languages count: 62
2025-11-16 23:21:32 INFO  TC001_HomePageTest:73 - Language: English
(8,152)
2025-11-16 23:21:32 INFO  TC001_HomePageTest:73 - Language: Spanish
(4,433)
2025-11-16 23:21:32 INFO  TC001_HomePageTest:73 - Language: French
(2,927)
2025-11-16 23:21:32 INFO  TC001_HomePageTest:73 - Language: Portuguese
(2,907)
2025-11-16 23:21:32 INFO  TC001_HomePageTest:73 - Language: Arabic
(2,775)
2025-11-16 23:21:32 INFO  TC001_HomePageTest:73 - Language: German
(2,728)
2025-11-16 23:21:32 INFO  TC001_HomePageTest:73 - Language: Indonesian
(2,653)
2025-11-16 23:21:32 INFO  TC001_HomePageTest:73 - Language: Chinese
(2,632)
2025-11-16 23:21:33 INFO  TC001_HomePageTest:73 - Language: Russian
(2,541)
2025-11-16 23:21:33 INFO  TC001_HomePageTest:73 - Language: Japanese
(2,486)
2025-11-16 23:21:33 INFO  TC001_HomePageTest:73 - Language: Hindi
(2,435)
2025-11-16 23:21:33 INFO  TC001_HomePageTest:73 - Language: Korean
(2,426)
2025-11-16 23:21:33 INFO  TC001_HomePageTest:73 - Language: Turkish
(2,359)
2025-11-16 23:21:33 INFO  TC001_HomePageTest:73 - Language: Italian
(2,354)
2025-11-16 23:21:33 INFO  TC001_HomePageTest:73 - Language: Thai
(2,345)
2025-11-16 23:21:33 INFO  TC001_HomePageTest:73 - Language: Ukrainian
(2,334)
2025-11-16 23:21:33 INFO  TC001_HomePageTest:73 - Language: Greek
(2,325)
2025-11-16 23:21:33 INFO  TC001_HomePageTest:73 - Language: Polish
(2,303)
2025-11-16 23:21:33 INFO  TC001_HomePageTest:73 - Language: Dutch
(2,298)
2025-11-16 23:21:33 INFO  TC001_HomePageTest:73 - Language: Swedish
(2,273)
2025-11-16 23:21:33 INFO  TC001_HomePageTest:73 - Language: Kazakh
(2,193)
2025-11-16 23:21:33 INFO  TC001_HomePageTest:73 - Language: Vietnamese
(1,826)
2025-11-16 23:21:33 INFO  TC001_HomePageTest:73 - Language: Pushto
(1,442)
2025-11-16 23:21:33 INFO  TC001_HomePageTest:73 - Language: Hungarian
(1,440)
2025-11-16 23:21:33 INFO  TC001_HomePageTest:73 - Language: Azerbaijani
(1,350)
2025-11-16 23:21:33 INFO  TC001_HomePageTest:73 - Language: Urdu
(1,347)
2025-11-16 23:21:33 INFO  TC001_HomePageTest:73 - Language: Bengali
(1,346)
2025-11-16 23:21:33 INFO  TC001_HomePageTest:73 - Language: Uzbek
(876)
2025-11-16 23:21:33 INFO  TC001_HomePageTest:73 - Language: Oriya
(262)
2025-11-16 23:21:33 INFO  TC001_HomePageTest:73 - Language: Persian
(40)
2025-11-16 23:21:33 INFO  TC001_HomePageTest:73 - Language: Romanian
(37)
2025-11-16 23:21:34 INFO  TC001_HomePageTest:73 - Language: Hebrew
(21)
2025-11-16 23:21:34 INFO  TC001_HomePageTest:73 - Language: Javanese
(18)
2025-11-16 23:21:34 INFO  TC001_HomePageTest:73 - Language: Serbian
(18)
2025-11-16 23:21:34 INFO  TC001_HomePageTest:73 - Language: Afrikaans
(11)
2025-11-16 23:21:34 INFO  TC001_HomePageTest:73 - Language: Estonian
(9)
2025-11-16 23:21:34 INFO  TC001_HomePageTest:73 - Language: Tamil
(9)
2025-11-16 23:21:34 INFO  TC001_HomePageTest:73 - Language: Telugu
(9)
2025-11-16 23:21:34 INFO  TC001_HomePageTest:73 - Language: Mongolian
(8)
2025-11-16 23:21:34 INFO  TC001_HomePageTest:73 - Language: Bulgarian
(7)
2025-11-16 23:21:34 INFO  TC001_HomePageTest:73 - Language: Catalan
(7)
2025-11-16 23:21:34 INFO  TC001_HomePageTest:73 - Language: Burmese
(5)
2025-11-16 23:21:34 INFO  TC001_HomePageTest:73 - Language: Czech
(5)
2025-11-16 23:21:34 INFO  TC001_HomePageTest:73 - Language: Lithuanian
(5)
2025-11-16 23:21:34 INFO  TC001_HomePageTest:73 - Language: Albanian
(4)
2025-11-16 23:21:34 INFO  TC001_HomePageTest:73 - Language: Amharic
(4)
2025-11-16 23:21:34 INFO  TC001_HomePageTest:73 - Language: Nepali
(4)
2025-11-16 23:21:34 INFO  TC001_HomePageTest:73 - Language: Somali
(4)
2025-11-16 23:21:34 INFO  TC001_HomePageTest:73 - Language: Croatian
(3)
2025-11-16 23:21:34 INFO  TC001_HomePageTest:73 - Language: Georgian
(3)
2025-11-16 23:21:35 INFO  TC001_HomePageTest:73 - Language: Marathi
(3)
2025-11-16 23:21:35 INFO  TC001_HomePageTest:73 - Language: Slovak
(3)
2025-11-16 23:21:35 INFO  TC001_HomePageTest:73 - Language: Swahili
(2)
2025-11-16 23:21:35 INFO  TC001_HomePageTest:73 - Language: Danish
(1)
2025-11-16 23:21:35 INFO  TC001_HomePageTest:73 - Language: Finnish
(1)
2025-11-16 23:21:35 INFO  TC001_HomePageTest:73 - Language: Kannada
(1)
2025-11-16 23:21:35 INFO  TC001_HomePageTest:73 - Language: Khmer
(1)
2025-11-16 23:21:35 INFO  TC001_HomePageTest:73 - Language: Kinyarwanda
(1)
2025-11-16 23:21:35 INFO  TC001_HomePageTest:73 - Language: Macedonian
(1)
2025-11-16 23:21:35 INFO  TC001_HomePageTest:73 - Language: Nyanja
(1)
2025-11-16 23:21:35 INFO  TC001_HomePageTest:73 - Language: Slovenian
(1)
2025-11-16 23:21:35 INFO  TC001_HomePageTest:73 - Language: Tagalog
(1)
2025-11-16 23:21:45 INFO  TC002_ForCampusPageTest:24 - Navigating to For Campus...
2025-11-16 23:21:52 INFO  TC002_ForCampusPageTest:33 - Filling form with invalid email...
2025-11-16 23:22:00 INFO  TC002_ForCampusPageTest:37 - Captured Error Message: Please enter your work email address
